{
  "Cucumber Features": {
    "coverage": {
      "/home/ubuntu/workspace/app/models/movie.rb": [
        1,
        null,
        null,
        null,
        1,
        7,
        null,
        null,
        1,
        1,
        null,
        null,
        null
      ],
      "/home/ubuntu/workspace/app/controllers/movies_controller.rb": [
        1,
        null,
        1,
        1,
        null,
        null,
        1,
        3,
        3,
        null,
        null,
        null,
        1,
        7,
        7,
        null,
        2,
        null,
        2,
        null,
        7,
        7,
        null,
        7,
        18,
        null,
        null,
        7,
        2,
        2,
        2,
        null,
        5,
        null,
        null,
        1,
        null,
        null,
        null,
        1,
        0,
        0,
        0,
        null,
        null,
        1,
        1,
        null,
        null,
        1,
        1,
        1,
        1,
        1,
        null,
        null,
        1,
        0,
        0,
        0,
        0,
        null,
        null,
        1,
        null,
        2,
        2,
        2,
        1,
        null,
        null,
        1,
        1,
        null,
        null,
        null,
        null,
        null
      ],
      "/home/ubuntu/workspace/app/controllers/application_controller.rb": [
        1,
        null,
        null,
        1,
        null
      ],
      "/home/ubuntu/workspace/app/helpers/application_helper.rb": [
        1,
        null
      ],
      "/home/ubuntu/workspace/app/helpers/movie_helper.rb": [
        1,
        null
      ],
      "/home/ubuntu/workspace/app/helpers/movies_helper.rb": [
        1,
        null
      ]
    },
    "timestamp": 1479671865
  },
  "RSpec": {
    "coverage": {
      "/home/ubuntu/workspace/app/helpers/application_helper.rb": [
        1,
        null
      ],
      "/home/ubuntu/workspace/app/helpers/movie_helper.rb": [
        1,
        null
      ],
      "/home/ubuntu/workspace/app/helpers/movies_helper.rb": [
        1,
        null
      ],
      "/home/ubuntu/workspace/app/controllers/movies_controller.rb": [
        1,
        null,
        1,
        4,
        null,
        null,
        1,
        1,
        1,
        null,
        null,
        null,
        1,
        1,
        1,
        null,
        0,
        null,
        0,
        null,
        1,
        1,
        null,
        1,
        6,
        null,
        null,
        1,
        0,
        0,
        0,
        null,
        1,
        null,
        null,
        1,
        null,
        null,
        null,
        1,
        2,
        2,
        2,
        null,
        null,
        1,
        0,
        null,
        null,
        1,
        2,
        2,
        2,
        2,
        null,
        null,
        1,
        2,
        2,
        2,
        2,
        null,
        null,
        1,
        null,
        3,
        3,
        3,
        1,
        null,
        null,
        2,
        2,
        null,
        null,
        null,
        null,
        null
      ],
      "/home/ubuntu/workspace/app/controllers/application_controller.rb": [
        1,
        null,
        null,
        1,
        null
      ],
      "/home/ubuntu/workspace/app/models/movie.rb": [
        1,
        null,
        null,
        null,
        1,
        1,
        null,
        null,
        1,
        2,
        null,
        null,
        null
      ]
    },
    "timestamp": 1479671644
  }
}
