{
  "Cucumber Features": {
    "coverage": {
      "/home/ubuntu/workspace/app/models/movie.rb": [
        1,
        null,
        null,
        null,
        1,
        1,
        null,
        null,
        1,
        1,
        null,
        null,
        null
      ],
      "/home/ubuntu/workspace/app/controllers/movies_controller.rb": [
        1,
        null,
        1,
        1,
        null,
        null,
        1,
        3,
        3,
        null,
        null,
        null,
        1,
        1,
        1,
        null,
        0,
        null,
        0,
        null,
        1,
        1,
        null,
        1,
        6,
        null,
        null,
        1,
        0,
        0,
        0,
        null,
        1,
        null,
        null,
        1,
        null,
        null,
        null,
        1,
        0,
        0,
        0,
        null,
        null,
        1,
        1,
        null,
        null,
        1,
        1,
        1,
        1,
        1,
        null,
        null,
        1,
        0,
        0,
        0,
        0,
        null,
        null,
        1,
        null,
        2,
        2,
        2,
        1,
        null,
        null,
        1,
        1,
        null,
        null,
        null,
        null,
        null
      ],
      "/home/ubuntu/workspace/app/controllers/application_controller.rb": [
        1,
        null,
        null,
        1,
        null
      ],
      "/home/ubuntu/workspace/app/helpers/application_helper.rb": [
        1,
        null
      ],
      "/home/ubuntu/workspace/app/helpers/movie_helper.rb": [
        1,
        null
      ],
      "/home/ubuntu/workspace/app/helpers/movies_helper.rb": [
        1,
        null
      ]
    },
    "timestamp": 1479509923
  },
  "RSpec": {
    "coverage": {
      "/home/ubuntu/workspace/app/helpers/application_helper.rb": [
        1,
        null
      ],
      "/home/ubuntu/workspace/app/helpers/movie_helper.rb": [
        1,
        null
      ],
      "/home/ubuntu/workspace/app/helpers/movies_helper.rb": [
        1,
        null
      ],
      "/home/ubuntu/workspace/app/controllers/movies_controller.rb": [
        1,
        null,
        1,
        1,
        null,
        null,
        1,
        0,
        0,
        null,
        null,
        null,
        1,
        0,
        0,
        null,
        0,
        null,
        0,
        null,
        0,
        0,
        null,
        0,
        0,
        null,
        null,
        0,
        0,
        0,
        0,
        null,
        0,
        null,
        null,
        1,
        null,
        null,
        null,
        1,
        1,
        1,
        1,
        null,
        null,
        1,
        0,
        null,
        null,
        1,
        0,
        0,
        0,
        0,
        null,
        null,
        1,
        2,
        2,
        2,
        2,
        null,
        null,
        1,
        null,
        0,
        0,
        0,
        0,
        null,
        null,
        0,
        0,
        null,
        null,
        null,
        null,
        null
      ],
      "/home/ubuntu/workspace/app/controllers/application_controller.rb": [
        1,
        null,
        null,
        1,
        null
      ],
      "/home/ubuntu/workspace/app/models/movie.rb": [
        1,
        null,
        null,
        null,
        1,
        0,
        null,
        null,
        1,
        0,
        null,
        null,
        null
      ]
    },
    "timestamp": 1479510403
  }
}
